<?xml version="1.0" encoding="UTF-8"?>
<!-- Generated by org.testng.reporters.JUnitXMLReporter -->
<testsuite hostname="This-PC" ignored="0" name="BankingApp Test" tests="1" failures="1" timestamp="2021-10-22T17:58:20 IST" time="16.443" errors="0">
  <testcase name="loginTest" time="5.995" classname="com.iNetBankingV1.testCases.TC_LoginTest_001">
    <failure type="java.lang.AssertionError" message="expected [https://www.facebook123.com] but found [https://www.facebook.com]">
      <![CDATA[java.lang.AssertionError: expected [https://www.facebook123.com] but found [https://www.facebook.com]
at com.iNetBankingV1.testCases.TC_LoginTest_001.loginTest(TC_LoginTest_001.java:24)
at java.util.ArrayList.forEach(ArrayList.java:1259)
... Removed 33 stack frames]]>
    </failure>
  </testcase> <!-- loginTest -->
</testsuite> <!-- BankingApp Test -->
